XMLLINT not set and xmllint not found in path; skipping xml preprocessing.
d:/projects/vala_projects/EPos/modules/quotes/module.quotes.vala.c:1:0: warning: -fPIC ignored for target (all code is position independent) [enabled by default]
 /* module.quotes.vala.c generated by valac 0.24.0, the Vala compiler
 ^
d:/projects/vala_projects/EPos/modules/quotes/module.quotes.vala.c: In function 'epos_sb_modulequotes_real_Enabled':
d:/projects/vala_projects/EPos/modules/quotes/module.quotes.vala.c:315:6: warning: passing argument 6 of 'gee_hash_map_new' from incompatible pointer type [enabled by default]
      _tmp52_ = gee_hash_map_new (G_TYPE_STRING, (GBoxedCopyFunc) g_strdup, g_free, G_TYPE_VALUE, (GBoxedCopyFunc) _g_value_dup, _vala_GValue_free, NULL, NULL, NULL);
      ^
In file included from ../../../SinticBolivia/widgets/GtkSinticBolivia.h:9:0,
                 from d:/projects/vala_projects/EPos/modules/quotes/module.quotes.vala.c:7:
d:/MinGW/include/gee-1.0/gee.h:855:13: note: expected 'GDestroyNotify' but argument is of type 'void (*)(struct GValue *)'
 GeeHashMap* gee_hash_map_new (GType k_type, GBoxedCopyFunc k_dup_func, GDestroyNotify k_destroy_func, GType v_type, GBoxedCopyFunc v_dup_func, GDestroyNotify v_destroy_func, GHashFunc key_hash_func, GEqualFunc key_equal_func, GEqualFunc value_equal_func);
             ^
d:/projects/vala_projects/EPos/modules/quotes/module.quotes.vala.c: In function 'epos_sb_modulequotes_hook_menu_item_point_of_sale':
d:/projects/vala_projects/EPos/modules/quotes/module.quotes.vala.c:528:10: warning: assignment from incompatible pointer type [enabled by default]
  _tmp11_ = gtk_menu_item_get_submenu (mi_pos);
          ^
d:/projects/vala_projects/EPos/modules/quotes/classes/class.quote.vala.c:1:0: warning: -fPIC ignored for target (all code is position independent) [enabled by default]
 /* class.quote.vala.c generated by valac 0.24.0, the Vala compiler
 ^
d:/projects/vala_projects/EPos/modules/quotes/widgets/widget.new-quote.vala.c:1:0: warning: -fPIC ignored for target (all code is position independent) [enabled by default]
 /* widget.new-quote.vala.c generated by valac 0.24.0, the Vala compiler
 ^
d:/projects/vala_projects/EPos/modules/quotes/widgets/widget.new-quote.vala.c: In function 'string_strip':
d:/projects/vala_projects/EPos/modules/quotes/widgets/widget.new-quote.vala.c:1017:2: warning: passing argument 1 of 'g_strchug' discards 'const' qualifier from pointer target type [enabled by default]
  g_strstrip (_tmp1_);
  ^
In file included from d:/gtk+-3.0/include/glib-2.0/glib.h:81:0,
                 from d:/projects/vala_projects/EPos/modules/quotes/widgets/widget.new-quote.vala.c:5:
d:/gtk+-3.0/include/glib-2.0/glib/gstrfuncs.h:154:23: note: expected 'gchar *' but argument is of type 'const gchar *'
 gchar*                g_strchug        (gchar        *string);
                       ^
d:/projects/vala_projects/EPos/modules/quotes/widgets/widget.new-quote.vala.c: In function 'epos_widget_new_quote_FillForm':
d:/projects/vala_projects/EPos/modules/quotes/widgets/widget.new-quote.vala.c:1271:3: warning: passing argument 1 of 'gee_abstract_collection_get_size' from incompatible pointer type [enabled by default]
   _tmp4_ = gee_abstract_collection_get_size ((GeeCollection*) _tmp3_);
   ^
In file included from ../../../SinticBolivia/widgets/GtkSinticBolivia.h:9:0,
                 from d:/projects/vala_projects/EPos/modules/quotes/widgets/widget.new-quote.vala.c:8:
d:/MinGW/include/gee-1.0/gee.h:755:6: note: expected 'struct GeeAbstractCollection *' but argument is of type 'struct GeeCollection *'
 gint gee_abstract_collection_get_size (GeeAbstractCollection* self);
      ^
d:/projects/vala_projects/EPos/modules/quotes/widgets/widget.new-quote.vala.c: In function 'epos_widget_new_quote_OnButtonLookupCustomersClicked':
d:/projects/vala_projects/EPos/modules/quotes/widgets/widget.new-quote.vala.c:1387:2: warning: passing argument 1 of 'gtk_window_set_modal' from incompatible pointer type [enabled by default]
  gtk_window_set_modal (_tmp0_, TRUE);
  ^
In file included from d:/gtk+-3.0/include/gtk-3.0/gtk/gtkdialog.h:33:0,
                 from d:/gtk+-3.0/include/gtk-3.0/gtk/gtkaboutdialog.h:30,
                 from d:/gtk+-3.0/include/gtk-3.0/gtk/gtk.h:31,
                 from d:/projects/vala_projects/EPos/modules/quotes/widgets/widget.new-quote.vala.c:7:
d:/gtk+-3.0/include/gtk-3.0/gtk/gtkwindow.h:230:12: note: expected 'struct GtkWindow *' but argument is of type 'struct EPosWindowCustomerLookup *'
 void       gtk_window_set_modal      (GtkWindow *window,
            ^
d:/projects/vala_projects/EPos/modules/quotes/widgets/widget.new-quote.vala.c: In function 'epos_widget_new_quote_OnEntrySearchProductKeyReleaseEvent':
d:/projects/vala_projects/EPos/modules/quotes/widgets/widget.new-quote.vala.c:1522:3: warning: passing argument 1 of 'gee_abstract_collection_get_size' from incompatible pointer type [enabled by default]
   _tmp39_ = gee_abstract_collection_get_size ((GeeCollection*) _tmp38_);
   ^
In file included from ../../../SinticBolivia/widgets/GtkSinticBolivia.h:9:0,
                 from d:/projects/vala_projects/EPos/modules/quotes/widgets/widget.new-quote.vala.c:8:
d:/MinGW/include/gee-1.0/gee.h:755:6: note: expected 'struct GeeAbstractCollection *' but argument is of type 'struct GeeCollection *'
 gint gee_abstract_collection_get_size (GeeAbstractCollection* self);
      ^
d:/projects/vala_projects/EPos/modules/quotes/widgets/widget.new-quote.vala.c: In function '__lambda10_':
d:/projects/vala_projects/EPos/modules/quotes/widgets/widget.new-quote.vala.c:2508:2: warning: passing argument 6 of 'gee_hash_map_new' from incompatible pointer type [enabled by default]
  _tmp29_ = gee_hash_map_new (G_TYPE_STRING, (GBoxedCopyFunc) g_strdup, g_free, G_TYPE_VALUE, (GBoxedCopyFunc) _g_value_dup, _vala_GValue_free, NULL, NULL, NULL);
  ^
In file included from ../../../SinticBolivia/widgets/GtkSinticBolivia.h:9:0,
                 from d:/projects/vala_projects/EPos/modules/quotes/widgets/widget.new-quote.vala.c:8:
d:/MinGW/include/gee-1.0/gee.h:855:13: note: expected 'GDestroyNotify' but argument is of type 'void (*)(struct GValue *)'
 GeeHashMap* gee_hash_map_new (GType k_type, GBoxedCopyFunc k_dup_func, GDestroyNotify k_destroy_func, GType v_type, GBoxedCopyFunc v_dup_func, GDestroyNotify v_destroy_func, GHashFunc key_hash_func, GEqualFunc key_equal_func, GEqualFunc value_equal_func);
             ^
d:/projects/vala_projects/EPos/modules/quotes/widgets/widget.new-quote.vala.c: In function 'epos_widget_new_quote_OnButtonSaveClicked':
d:/projects/vala_projects/EPos/modules/quotes/widgets/widget.new-quote.vala.c:2789:2: warning: passing argument 6 of 'gee_hash_map_new' from incompatible pointer type [enabled by default]
  _tmp42_ = gee_hash_map_new (G_TYPE_STRING, (GBoxedCopyFunc) g_strdup, g_free, G_TYPE_VALUE, (GBoxedCopyFunc) _g_value_dup, _vala_GValue_free, NULL, NULL, NULL);
  ^
In file included from ../../../SinticBolivia/widgets/GtkSinticBolivia.h:9:0,
                 from d:/projects/vala_projects/EPos/modules/quotes/widgets/widget.new-quote.vala.c:8:
d:/MinGW/include/gee-1.0/gee.h:855:13: note: expected 'GDestroyNotify' but argument is of type 'void (*)(struct GValue *)'
 GeeHashMap* gee_hash_map_new (GType k_type, GBoxedCopyFunc k_dup_func, GDestroyNotify k_destroy_func, GType v_type, GBoxedCopyFunc v_dup_func, GDestroyNotify v_destroy_func, GHashFunc key_hash_func, GEqualFunc key_equal_func, GEqualFunc value_equal_func);
             ^
d:/projects/vala_projects/EPos/modules/quotes/widgets/widget.new-quote.vala.c:2941:3: warning: passing argument 6 of 'gee_hash_map_new' from incompatible pointer type [enabled by default]
   _tmp99_ = gee_hash_map_new (G_TYPE_STRING, (GBoxedCopyFunc) g_strdup, g_free, G_TYPE_VALUE, (GBoxedCopyFunc) _g_value_dup, _vala_GValue_free, NULL, NULL, NULL);
   ^
In file included from ../../../SinticBolivia/widgets/GtkSinticBolivia.h:9:0,
                 from d:/projects/vala_projects/EPos/modules/quotes/widgets/widget.new-quote.vala.c:8:
d:/MinGW/include/gee-1.0/gee.h:855:13: note: expected 'GDestroyNotify' but argument is of type 'void (*)(struct GValue *)'
 GeeHashMap* gee_hash_map_new (GType k_type, GBoxedCopyFunc k_dup_func, GDestroyNotify k_destroy_func, GType v_type, GBoxedCopyFunc v_dup_func, GDestroyNotify v_destroy_func, GHashFunc key_hash_func, GEqualFunc key_equal_func, GEqualFunc value_equal_func);
             ^
d:/projects/vala_projects/EPos/modules/quotes/widgets/widget.new-quote.vala.c:2950:3: warning: passing argument 6 of 'gee_hash_map_new' from incompatible pointer type [enabled by default]
   _tmp103_ = gee_hash_map_new (G_TYPE_STRING, (GBoxedCopyFunc) g_strdup, g_free, G_TYPE_VALUE, (GBoxedCopyFunc) _g_value_dup, _vala_GValue_free, NULL, NULL, NULL);
   ^
In file included from ../../../SinticBolivia/widgets/GtkSinticBolivia.h:9:0,
                 from d:/projects/vala_projects/EPos/modules/quotes/widgets/widget.new-quote.vala.c:8:
d:/MinGW/include/gee-1.0/gee.h:855:13: note: expected 'GDestroyNotify' but argument is of type 'void (*)(struct GValue *)'
 GeeHashMap* gee_hash_map_new (GType k_type, GBoxedCopyFunc k_dup_func, GDestroyNotify k_destroy_func, GType v_type, GBoxedCopyFunc v_dup_func, GDestroyNotify v_destroy_func, GHashFunc key_hash_func, GEqualFunc key_equal_func, GEqualFunc value_equal_func);
             ^
d:/projects/vala_projects/EPos/modules/quotes/widgets/widget.new-quote.vala.c:2976:4: warning: passing argument 1 of 'gee_abstract_collection_get_size' from incompatible pointer type [enabled by default]
    _tmp113_ = gee_abstract_collection_get_size ((GeeCollection*) _tmp112_);
    ^
In file included from ../../../SinticBolivia/widgets/GtkSinticBolivia.h:9:0,
                 from d:/projects/vala_projects/EPos/modules/quotes/widgets/widget.new-quote.vala.c:8:
d:/MinGW/include/gee-1.0/gee.h:755:6: note: expected 'struct GeeAbstractCollection *' but argument is of type 'struct GeeCollection *'
 gint gee_abstract_collection_get_size (GeeAbstractCollection* self);
      ^
d:/projects/vala_projects/EPos/modules/quotes/widgets/widget.new-quote.vala.c:3060:3: warning: passing argument 6 of 'gee_hash_map_new' from incompatible pointer type [enabled by default]
   _tmp131_ = gee_hash_map_new (G_TYPE_STRING, (GBoxedCopyFunc) g_strdup, g_free, G_TYPE_VALUE, (GBoxedCopyFunc) _g_value_dup, _vala_GValue_free, NULL, NULL, NULL);
   ^
In file included from ../../../SinticBolivia/widgets/GtkSinticBolivia.h:9:0,
                 from d:/projects/vala_projects/EPos/modules/quotes/widgets/widget.new-quote.vala.c:8:
d:/MinGW/include/gee-1.0/gee.h:855:13: note: expected 'GDestroyNotify' but argument is of type 'void (*)(struct GValue *)'
 GeeHashMap* gee_hash_map_new (GType k_type, GBoxedCopyFunc k_dup_func, GDestroyNotify k_destroy_func, GType v_type, GBoxedCopyFunc v_dup_func, GDestroyNotify v_destroy_func, GHashFunc key_hash_func, GEqualFunc key_equal_func, GEqualFunc value_equal_func);
             ^
d:/projects/vala_projects/EPos/modules/quotes/widgets/widget.new-quote.vala.c:3096:4: warning: passing argument 1 of 'gee_abstract_collection_get_size' from incompatible pointer type [enabled by default]
    _tmp149_ = gee_abstract_collection_get_size ((GeeCollection*) _tmp148_);
    ^
In file included from ../../../SinticBolivia/widgets/GtkSinticBolivia.h:9:0,
                 from d:/projects/vala_projects/EPos/modules/quotes/widgets/widget.new-quote.vala.c:8:
d:/MinGW/include/gee-1.0/gee.h:755:6: note: expected 'struct GeeAbstractCollection *' but argument is of type 'struct GeeCollection *'
 gint gee_abstract_collection_get_size (GeeAbstractCollection* self);
      ^
d:/projects/vala_projects/EPos/modules/quotes/widgets/widget.new-quote.vala.c: In function 'epos_widget_new_quote_SetOrder':
d:/projects/vala_projects/EPos/modules/quotes/widgets/widget.new-quote.vala.c:3294:3: warning: passing argument 1 of 'gee_abstract_collection_get_size' from incompatible pointer type [enabled by default]
   _tmp35_ = gee_abstract_collection_get_size ((GeeCollection*) _tmp34_);
   ^
In file included from ../../../SinticBolivia/widgets/GtkSinticBolivia.h:9:0,
                 from d:/projects/vala_projects/EPos/modules/quotes/widgets/widget.new-quote.vala.c:8:
d:/MinGW/include/gee-1.0/gee.h:755:6: note: expected 'struct GeeAbstractCollection *' but argument is of type 'struct GeeCollection *'
 gint gee_abstract_collection_get_size (GeeAbstractCollection* self);
      ^
d:/projects/vala_projects/EPos/modules/quotes/widgets/widget.quotes.vala.c:1:0: warning: -fPIC ignored for target (all code is position independent) [enabled by default]
 /* widget.quotes.vala.c generated by valac 0.24.0, the Vala compiler
 ^
d:/projects/vala_projects/EPos/modules/quotes/widgets/widget.quotes.vala.c: In function 'epos_widget_quotes_FillForm':
d:/projects/vala_projects/EPos/modules/quotes/widgets/widget.quotes.vala.c:586:3: warning: passing argument 1 of 'gee_abstract_collection_get_size' from incompatible pointer type [enabled by default]
   _tmp4_ = gee_abstract_collection_get_size ((GeeCollection*) _tmp3_);
   ^
In file included from ../../../SinticBolivia/SinticBolivia.h:13:0,
                 from d:/projects/vala_projects/EPos/modules/quotes/widgets/widget.quotes.vala.c:8:
d:/MinGW/include/gee-1.0/gee.h:755:6: note: expected 'struct GeeAbstractCollection *' but argument is of type 'struct GeeCollection *'
 gint gee_abstract_collection_get_size (GeeAbstractCollection* self);
      ^
d:/projects/vala_projects/EPos/modules/quotes/widgets/widget.quotes.vala.c: In function 'epos_widget_quotes_OnButtonPreviewClicked':
d:/projects/vala_projects/EPos/modules/quotes/widgets/widget.quotes.vala.c:1572:4: warning: passing argument 1 of 'HPDF_LoadJpegImageFromMem' from incompatible pointer type [enabled by default]
    _tmp119_ = HPDF_LoadJpegImageFromMem (_tmp116_, _tmp117_, _tmp117__length1, (guint) _tmp118__length1);
    ^
In file included from ../../../SinticBolivia/reports/SinticBoliviaReports.h:9:0,
                 from d:/projects/vala_projects/EPos/modules/quotes/widgets/widget.quotes.vala.c:16:
../../../libs/libharu/libharu-RELEASE_2_2_0/include/hpdf.h:510:1: note: expected 'HPDF_Doc' but argument is of type 'struct _HPDF_Doc_Rec **'
 HPDF_LoadJpegImageFromMem   (HPDF_Doc      pdf,
 ^
d:/projects/vala_projects/EPos/modules/quotes/widgets/widget.quotes.vala.c:1572:4: error: too many arguments to function 'HPDF_LoadJpegImageFromMem'
    _tmp119_ = HPDF_LoadJpegImageFromMem (_tmp116_, _tmp117_, _tmp117__length1, (guint) _tmp118__length1);
    ^
In file included from ../../../SinticBolivia/reports/SinticBoliviaReports.h:9:0,
                 from d:/projects/vala_projects/EPos/modules/quotes/widgets/widget.quotes.vala.c:16:
../../../libs/libharu/libharu-RELEASE_2_2_0/include/hpdf.h:510:1: note: declared here
 HPDF_LoadJpegImageFromMem   (HPDF_Doc      pdf,
 ^
d:/projects/vala_projects/EPos/modules/quotes/widgets/widget.quotes.vala.c:1572:13: warning: assignment from incompatible pointer type [enabled by default]
    _tmp119_ = HPDF_LoadJpegImageFromMem (_tmp116_, _tmp117_, _tmp117__length1, (guint) _tmp118__length1);
             ^
d:/projects/vala_projects/EPos/modules/quotes/widgets/widget.quotes.vala.c:1587:4: warning: passing argument 1 of 'HPDF_LoadJpegImageFromFile' from incompatible pointer type [enabled by default]
    _tmp125_ = HPDF_LoadJpegImageFromFile (_tmp121_, _tmp124_);
    ^
In file included from ../../../SinticBolivia/reports/SinticBoliviaReports.h:9:0,
                 from d:/projects/vala_projects/EPos/modules/quotes/widgets/widget.quotes.vala.c:16:
../../../libs/libharu/libharu-RELEASE_2_2_0/include/hpdf.h:506:1: note: expected 'HPDF_Doc' but argument is of type 'struct _HPDF_Doc_Rec **'
 HPDF_LoadJpegImageFromFile (HPDF_Doc      pdf,
 ^
d:/projects/vala_projects/EPos/modules/quotes/widgets/widget.quotes.vala.c:1587:13: warning: assignment from incompatible pointer type [enabled by default]
    _tmp125_ = HPDF_LoadJpegImageFromFile (_tmp121_, _tmp124_);
             ^
d:/projects/vala_projects/EPos/modules/quotes/widgets/widget.quotes.vala.c:1663:5: warning: passing argument 1 of 'HPDF_LoadPngImageFromMem' from incompatible pointer type [enabled by default]
     _tmp140_ = HPDF_LoadPngImageFromMem (_tmp137_, _tmp138_, _tmp138__length1, (guint) _tmp139__length1);
     ^
In file included from ../../../SinticBolivia/reports/SinticBoliviaReports.h:9:0,
                 from d:/projects/vala_projects/EPos/modules/quotes/widgets/widget.quotes.vala.c:16:
../../../libs/libharu/libharu-RELEASE_2_2_0/include/hpdf.h:491:1: note: expected 'HPDF_Doc' but argument is of type 'struct _HPDF_Doc_Rec **'
 HPDF_LoadPngImageFromMem  (HPDF_Doc     pdf,
 ^
d:/projects/vala_projects/EPos/modules/quotes/widgets/widget.quotes.vala.c:1663:5: error: too many arguments to function 'HPDF_LoadPngImageFromMem'
     _tmp140_ = HPDF_LoadPngImageFromMem (_tmp137_, _tmp138_, _tmp138__length1, (guint) _tmp139__length1);
     ^
In file included from ../../../SinticBolivia/reports/SinticBoliviaReports.h:9:0,
                 from d:/projects/vala_projects/EPos/modules/quotes/widgets/widget.quotes.vala.c:16:
../../../libs/libharu/libharu-RELEASE_2_2_0/include/hpdf.h:491:1: note: declared here
 HPDF_LoadPngImageFromMem  (HPDF_Doc     pdf,
 ^
d:/projects/vala_projects/EPos/modules/quotes/widgets/widget.quotes.vala.c:1663:14: warning: assignment from incompatible pointer type [enabled by default]
     _tmp140_ = HPDF_LoadPngImageFromMem (_tmp137_, _tmp138_, _tmp138__length1, (guint) _tmp139__length1);
              ^
d:/projects/vala_projects/EPos/modules/quotes/widgets/widget.quotes.vala.c:1678:5: warning: passing argument 1 of 'HPDF_LoadPngImageFromFile' from incompatible pointer type [enabled by default]
     _tmp146_ = HPDF_LoadPngImageFromFile (_tmp142_, _tmp145_);
     ^
In file included from ../../../SinticBolivia/reports/SinticBoliviaReports.h:9:0,
                 from d:/projects/vala_projects/EPos/modules/quotes/widgets/widget.quotes.vala.c:16:
../../../libs/libharu/libharu-RELEASE_2_2_0/include/hpdf.h:496:1: note: expected 'HPDF_Doc' but argument is of type 'struct _HPDF_Doc_Rec **'
 HPDF_LoadPngImageFromFile (HPDF_Doc      pdf,
 ^
d:/projects/vala_projects/EPos/modules/quotes/widgets/widget.quotes.vala.c:1678:14: warning: assignment from incompatible pointer type [enabled by default]
     _tmp146_ = HPDF_LoadPngImageFromFile (_tmp142_, _tmp145_);
              ^
d:/projects/vala_projects/EPos/modules/quotes/widgets/widget.quotes.vala.c: In function 'epos_widget_quotes_GetQuotes':
d:/projects/vala_projects/EPos/modules/quotes/widgets/widget.quotes.vala.c:1954:3: warning: passing argument 1 of 'gee_abstract_collection_get_size' from incompatible pointer type [enabled by default]
   _tmp22_ = gee_abstract_collection_get_size ((GeeCollection*) _tmp21_);
   ^
In file included from ../../../SinticBolivia/SinticBolivia.h:13:0,
                 from d:/projects/vala_projects/EPos/modules/quotes/widgets/widget.quotes.vala.c:8:
d:/MinGW/include/gee-1.0/gee.h:755:6: note: expected 'struct GeeAbstractCollection *' but argument is of type 'struct GeeCollection *'
 gint gee_abstract_collection_get_size (GeeAbstractCollection* self);
      ^
widgets/widget.quotes.vala:300.14-300.48: warning: unhandled error `GLib.Error'
			var pix = new Gdk.Pixbuf.from_file(logo_path);
			          ^^^^^^^^^^^^^^^^^^^^^^^^^^^^^^^^^^^
widgets/widget.quotes.vala:308.6-308.43: warning: unhandled error `GLib.Error'
					pix.save_to_buffer(out buffer, "jpeg");
					^^^^^^^^^^^^^^^^^^^^^^^^^^^^^^^^^^^^^^
widgets/widget.quotes.vala:322.6-322.42: warning: unhandled error `GLib.Error'
					pix.save_to_buffer(out buffer, "png");
					^^^^^^^^^^^^^^^^^^^^^^^^^^^^^^^^^^^^^
widgets/widget.new-quote.vala:295.51-295.69: warning: use of possibly unassigned parameter `o_iter'
		protected bool isProductInOrder(int product_id, out TreeIter o_iter)
		                                                ^^^^^^^^^^^^^^^^^^^
widgets/widget.new-quote.vala:344.9-344.58: warning: local variable `tax_rate_id' declared but never used
				int tax_rate_id = (trid != null) ? int.parse(trid) : 0;
				    ^^^^^^^^^^^^^^^^^^^^^^^^^^^^^^^^^^^^^^^^^^^^^^^^^^
widgets/widget.new-quote.vala:485.8-485.45: warning: local variable `store' declared but never used
			var store		= new SBStore.from_id(store_id);
			    ^^^^^		^^^^^^^^^^^^^^^^^^^^^^^^^^^^^^^
error: cc exited with status 1
make: *** [all] Error 1
